2026-04-30 17:05:24,924 - [INFO] - [MainThread] - Memory Unit initialized successfully.
2026-04-30 17:05:24,986 - [INFO] - [MainThread] - Imported existing <module 'comtypes.gen' from 'D:\\Phyton\\Lib\\site-packages\\comtypes\\gen\\__init__.py'>
2026-04-30 17:05:24,986 - [INFO] - [MainThread] - Using writeable comtypes cache directory: 'D:\Phyton\Lib\site-packages\comtypes\gen'
2026-04-30 17:05:25,751 - [INFO] - [Thread-3 (speak)] - TTS Output: Salom Janob, Mion AI platformasi ishga tushdi. Barcha tizimlar nazorat ostida.
2026-04-30 17:05:35,921 - [INFO] - [Thread-5 (speak)] - TTS Output: Salom! Men tayyorman.
2026-04-30 17:05:41,609 - [INFO] - [Thread-7 (speak)] - TTS Output: Mening ismim Mion Hyper AI. Men sizning virtual yordamchingizman.
2026-04-30 17:05:56,248 - [INFO] - [Thread-9 (speak)] - TTS Output: menga word dasturini ib ber ishga tushirilmoqda...
2026-04-30 17:06:28,068 - [INFO] - [Thread-12 (_run_dictation)] - Listening...
2026-04-30 17:06:32,814 - [INFO] - [Thread-12 (_run_dictation)] - Listening...
2026-04-30 17:06:38,655 - [INFO] - [Thread-12 (_run_dictation)] - Listening...
2026-04-30 17:06:41,621 - [INFO] - [Thread-12 (_run_dictation)] - Listening...
2026-04-30 17:06:44,581 - [INFO] - [Thread-12 (_run_dictation)] - Listening...
2026-04-30 17:06:45,128 - [INFO] - [Thread-17 (speak)] - TTS Output: Kechirasiz, ushbu buyruq bo'yicha menda mantiqiy algoritm mavjud emas.
2026-04-30 17:06:47,764 - [INFO] - [Thread-12 (_run_dictation)] - Listening...
2026-04-30 17:06:48,234 - [INFO] - [Thread-20 (speak)] - TTS Output: Kechirasiz, ushbu buyruq bo'yicha menda mantiqiy algoritm mavjud emas.
2026-04-30 17:06:58,861 - [INFO] - [Thread-12 (_run_dictation)] - Listening...
2026-04-30 17:07:04,701 - [INFO] - [Thread-12 (_run_dictation)] - Listening...
2026-04-30 17:07:10,694 - [INFO] - [Thread-12 (_run_dictation)] - Listening...
2026-04-30 17:07:17,033 - [INFO] - [Thread-12 (_run_dictation)] - Listening...
2026-04-30 17:07:22,862 - [INFO] - [Thread-12 (_run_dictation)] - Listening...
2026-04-30 17:07:26,581 - [INFO] - [Thread-12 (_run_dictation)] - Listening...
2026-04-30 17:07:29,235 - [INFO] - [Thread-12 (_run_dictation)] - Listening...
2026-04-30 17:07:31,944 - [INFO] - [Thread-12 (_run_dictation)] - Listening...
2026-04-30 17:07:39,243 - [INFO] - [Thread-12 (_run_dictation)] - Listening...
2026-04-30 17:07:43,391 - [INFO] - [Thread-12 (_run_dictation)] - Listening...
2026-04-30 17:07:49,277 - [INFO] - [Thread-12 (_run_dictation)] - Listening...
2026-04-30 17:07:55,114 - [INFO] - [Thread-12 (_run_dictation)] - Listening...
2026-04-30 17:08:06,871 - [INFO] - [MainThread] - Memory Unit initialized successfully.
2026-04-30 17:08:06,984 - [INFO] - [MainThread] - Imported existing <module 'comtypes.gen' from 'D:\\Phyton\\Lib\\site-packages\\comtypes\\gen\\__init__.py'>
2026-04-30 17:08:06,984 - [INFO] - [MainThread] - Using writeable comtypes cache directory: 'D:\Phyton\Lib\site-packages\comtypes\gen'
2026-04-30 17:08:07,731 - [INFO] - [Thread-3 (speak)] - TTS Output: Salom Janob, Mion AI platformasi ishga tushdi. Barcha tizimlar nazorat ostida.
2026-04-30 17:08:36,653 - [INFO] - [Thread-5 (speak)] - TTS Output: word'ni ishga tushirilmoqda...
2026-04-30 17:09:04,075 - [INFO] - [Thread-7 (speak)] - TTS Output: Kechirasiz, ushbu buyruq bo'yicha menda mantiqiy algoritm mavjud emas.
